<?xml version="1.0" encoding="UTF-8"?>
<!-- Generated by org.testng.reporters.JUnitXMLReporter -->
<testsuite ignored="0" hostname="Shubham" failures="1" tests="2" name="Test" time="56.007" errors="0" timestamp="2023-08-30T23:15:09 IST">
  <testcase classname="Test_File.TC1_Login_Page" name="Login" time="7.327"/>
  <testcase classname="Test_File.TC2_Meeting_Page" name="Meeting" time="40.637">
    <failure type="java.lang.AssertionError" message="null">
      <![CDATA[java.lang.AssertionError: null
at Test_File.TC2_Meeting_Page.Meeting(TC2_Meeting_Page.java:52)
at java.base/java.util.ArrayList.forEach(ArrayList.java:1511)
... Removed 29 stack frames]]>
    </failure>
  </testcase> <!-- Meeting -->
</testsuite> <!-- Test -->
