<?xml version="1.0" encoding="UTF-8"?>
<!-- Generated by org.testng.reporters.JUnitXMLReporter -->
<testsuite ignored="0" hostname="Shubham" failures="1" tests="2" name="Test" time="151.124" errors="0" timestamp="2023-10-07T09:53:22 IST">
  <testcase classname="Test_File.TC1_Login_Page" name="Login" time="15.342"/>
  <testcase classname="Test_File.TC3_Resolution_page" name="Resolution_Main" time="127.731">
    <failure type="java.lang.AssertionError" message="null">
      <![CDATA[java.lang.AssertionError: null
at Test_File.TC3_Resolution_page.Resolution_Main(TC3_Resolution_page.java:35)
at java.base/java.util.ArrayList.forEach(ArrayList.java:1511)
... Removed 29 stack frames]]>
    </failure>
  </testcase> <!-- Resolution_Main -->
</testsuite> <!-- Test -->
