<?xml version="1.0" encoding="UTF-8"?>
<!-- Generated by org.testng.reporters.JUnitXMLReporter -->
<testsuite ignored="1" hostname="Shubham" failures="1" tests="1" name="Test_1(failed)" time="13.177" errors="0" timestamp="2023-10-07T19:41:40 IST">
  <testcase classname="Test_File.TC2_Meeting_Page" name="Meeting" time="4.229">
    <failure type="java.lang.AssertionError" message="null">
      <![CDATA[java.lang.AssertionError: null
at Test_File.TC2_Meeting_Page.Meeting(TC2_Meeting_Page.java:68)
at java.base/java.util.ArrayList.forEach(ArrayList.java:1511)
... Removed 29 stack frames]]>
    </failure>
  </testcase> <!-- Meeting -->
  <testcase classname="Test_File.TC1_Login_Page" name="Login" time="0.0">
    <ignored/>
  </testcase> <!-- Login -->
</testsuite> <!-- Test_1(failed) -->
