<?xml version="1.0" encoding="UTF-8"?>
<!-- Generated by org.testng.reporters.JUnitXMLReporter -->
<testsuite ignored="0" hostname="Shubham" failures="0" tests="2" name="Default test" time="0.131" errors="0" timestamp="2023-10-17T19:37:44 IST">
  <testcase classname="Base_File.Opening_Closeing" name="@BeforeClass Intial_Setup" time="-1.69755166418E9">
    <failure type="org.testng.TestNGException" message="
Parameter &amp;apos;browser&amp;apos; is required by BeforeClass on method Intial_Setup but has not been marked @Optional or defined
in C:\Users\ssing\AppData\Local\Temp\testng-eclipse-173382314\testng-customsuite.xml">
      <![CDATA[org.testng.TestNGException: 
Parameter 'browser' is required by BeforeClass on method Intial_Setup but has not been marked @Optional or defined
in C:\Users\ssing\AppData\Local\Temp\testng-eclipse-173382314\testng-customsuite.xml
at org.testng.internal.Parameters.createParams(Parameters.java:267)
at org.testng.internal.Parameters.createParametersForMethod(Parameters.java:355)
at org.testng.internal.Parameters.createParameters(Parameters.java:684)
at org.testng.internal.Parameters.createConfigurationParameters(Parameters.java:166)
at org.testng.internal.invokers.ConfigInvoker.invokeConfigurations(ConfigInvoker.java:277)
at org.testng.internal.invokers.TestMethodWorker.invokeBeforeClassMethods(TestMethodWorker.java:180)
at org.testng.internal.invokers.TestMethodWorker.run(TestMethodWorker.java:122)
at java.base/java.util.ArrayList.forEach(ArrayList.java:1511)
at org.testng.TestRunner.privateRun(TestRunner.java:829)
at org.testng.TestRunner.run(TestRunner.java:602)
at org.testng.SuiteRunner.runTest(SuiteRunner.java:437)
at org.testng.SuiteRunner.runSequentially(SuiteRunner.java:431)
at org.testng.SuiteRunner.privateRun(SuiteRunner.java:391)
at org.testng.SuiteRunner.run(SuiteRunner.java:330)
at org.testng.SuiteRunnerWorker.runSuite(SuiteRunnerWorker.java:52)
at org.testng.SuiteRunnerWorker.run(SuiteRunnerWorker.java:95)
at org.testng.TestNG.runSuitesSequentially(TestNG.java:1256)
at org.testng.TestNG.runSuitesLocally(TestNG.java:1176)
at org.testng.TestNG.runSuites(TestNG.java:1099)
at org.testng.TestNG.run(TestNG.java:1067)
at org.testng.remote.AbstractRemoteTestNG.run(AbstractRemoteTestNG.java:115)
at org.testng.remote.RemoteTestNG.initAndRun(RemoteTestNG.java:251)
at org.testng.remote.RemoteTestNG.main(RemoteTestNG.java:77)
]]>
    </failure>
  </testcase> <!-- @BeforeClass Intial_Setup -->
  <testcase classname="Base_File.Opening_Closeing" name="@AfterClass Closing_Convene" time="0.0">
    <skipped/>
  </testcase> <!-- @AfterClass Closing_Convene -->
  <testcase classname="Test_File.TC1_Login_Page" name="Login" time="0.001">
    <skipped/>
  </testcase> <!-- Login -->
  <testcase classname="Test_File.TC5_ReviewRoom_Approv_page" name="ReviewRoom_Main1" time="0.0">
    <skipped/>
  </testcase> <!-- ReviewRoom_Main1 -->
</testsuite> <!-- Default test -->
