<?xml version="1.0" encoding="UTF-8"?>
<!-- Generated by org.testng.reporters.JUnitXMLReporter -->
<testsuite ignored="0" hostname="Shubham" failures="1" tests="1" name="Master" time="97.025" errors="0" timestamp="2023-08-03T22:53:15 IST">
  <testcase classname="Test_File.TC_2_LoginData_Validation" name="login_Verification" time="0.0">
    <failure type="org.testng.TestNGException" message="
Method public void Test_File.TC_2_LoginData_Validation.login_Verification(java.lang.String,java.lang.String,java.lang.String) requires a @DataProvider named : LoginData in class org.testng.annotations.DataProvider">
      <![CDATA[org.testng.TestNGException: 
at java.base/java.util.ArrayList.forEach(ArrayList.java:1511)
... Removed 25 stack frames]]>
    </failure>
  </testcase> <!-- login_Verification -->
</testsuite> <!-- Master -->
