<?xml version="1.0" encoding="UTF-8"?>
<testng-results ignored="0" total="2" passed="2" failed="0" skipped="0">
  <reporter-output>
  </reporter-output>
  <suite started-at="2023-10-02T19:12:48 IST" name="OpenCart_Test" finished-at="2023-10-02T19:15:21 IST" duration-ms="153162">
    <groups>
    </groups>
    <test started-at="2023-10-02T19:12:48 IST" name="Test" finished-at="2023-10-02T19:15:21 IST" duration-ms="153162">
      <class name="Test_File.TC3_Resolution_page">
        <test-method is-config="true" signature="Intial_Setup(java.lang.String)[pri:0, instance:Test_File.TC3_Resolution_page@3359c978]" started-at="2023-10-02T19:12:48 IST" name="Intial_Setup" finished-at="2023-10-02T19:12:57 IST" duration-ms="9174" status="PASS">
          <params>
            <param index="0">
              <value>
                <![CDATA[chrome]]>
              </value>
            </param>
          </params>
          <reporter-output>
          </reporter-output>
        </test-method> <!-- Intial_Setup -->
        <test-method signature="Login()[pri:0, instance:Test_File.TC3_Resolution_page@3359c978]" started-at="2023-10-02T19:12:57 IST" name="Login" finished-at="2023-10-02T19:13:14 IST" duration-ms="16289" status="PASS">
          <reporter-output>
          </reporter-output>
        </test-method> <!-- Login -->
        <test-method signature="Resolution_Main()[pri:1, instance:Test_File.TC3_Resolution_page@3359c978]" started-at="2023-10-02T19:13:14 IST" name="Resolution_Main" finished-at="2023-10-02T19:15:21 IST" duration-ms="127419" status="PASS">
          <reporter-output>
          </reporter-output>
        </test-method> <!-- Resolution_Main -->
        <test-method is-config="true" signature="Closing_Convene()[pri:0, instance:Test_File.TC3_Resolution_page@3359c978]" started-at="2023-10-02T19:15:21 IST" name="Closing_Convene" finished-at="2023-10-02T19:15:21 IST" duration-ms="182" status="PASS">
          <reporter-output>
          </reporter-output>
        </test-method> <!-- Closing_Convene -->
      </class> <!-- Test_File.TC3_Resolution_page -->
    </test> <!-- Test -->
  </suite> <!-- OpenCart_Test -->
</testng-results>
