<?xml version="1.0" encoding="UTF-8"?>
<testng-results ignored="0" total="2" passed="2" failed="0" skipped="0">
  <reporter-output>
  </reporter-output>
  <suite started-at="2023-10-17T21:48:31 IST" name="OpenCart_Test" finished-at="2023-10-17T21:50:46 IST" duration-ms="135294">
    <groups>
    </groups>
    <test started-at="2023-10-17T21:48:31 IST" name="Tes_2" finished-at="2023-10-17T21:50:46 IST" duration-ms="135294">
      <class name="Test_File.TC5_ReviewRoom_Approv_page">
        <test-method is-config="true" signature="Intial_Setup(java.lang.String)[pri:0, instance:Test_File.TC5_ReviewRoom_Approv_page@67fe380b]" started-at="2023-10-17T21:48:31 IST" name="Intial_Setup" finished-at="2023-10-17T21:48:39 IST" duration-ms="8202" status="PASS">
          <params>
            <param index="0">
              <value>
                <![CDATA[chrome]]>
              </value>
            </param>
          </params>
          <reporter-output>
          </reporter-output>
        </test-method> <!-- Intial_Setup -->
        <test-method signature="Login()[pri:0, instance:Test_File.TC5_ReviewRoom_Approv_page@67fe380b]" started-at="2023-10-17T21:48:39 IST" name="Login" finished-at="2023-10-17T21:48:55 IST" duration-ms="15891" status="PASS">
          <reporter-output>
          </reporter-output>
        </test-method> <!-- Login -->
        <test-method signature="ReviewRoom_Main2()[pri:1, instance:Test_File.TC5_ReviewRoom_Approv_page@67fe380b]" started-at="2023-10-17T21:48:55 IST" name="ReviewRoom_Main2" finished-at="2023-10-17T21:50:46 IST" duration-ms="110502" status="PASS">
          <reporter-output>
          </reporter-output>
        </test-method> <!-- ReviewRoom_Main2 -->
        <test-method is-config="true" signature="Closing_Convene()[pri:0, instance:Test_File.TC5_ReviewRoom_Approv_page@67fe380b]" started-at="2023-10-17T21:50:46 IST" name="Closing_Convene" finished-at="2023-10-17T21:50:46 IST" duration-ms="170" status="PASS">
          <reporter-output>
          </reporter-output>
        </test-method> <!-- Closing_Convene -->
      </class> <!-- Test_File.TC5_ReviewRoom_Approv_page -->
    </test> <!-- Tes_2 -->
  </suite> <!-- OpenCart_Test -->
</testng-results>
